TN:
SF:utils.js
FN:6,(anonymous_0)
FN:22,(anonymous_1)
FN:29,(anonymous_2)
FN:45,(anonymous_3)
FNF:4
FNH:4
FNDA:24,(anonymous_0)
FNDA:302,(anonymous_1)
FNDA:279,(anonymous_2)
FNDA:105,(anonymous_3)
DA:6,15
DA:7,24
DA:22,15
DA:24,302
DA:25,302
DA:27,279
DA:29,279
DA:30,279
DA:31,30
DA:34,249
DA:35,249
DA:39,23
DA:45,15
DA:47,105
DA:49,75
DA:51,30
LF:16
LH:16
BRDA:25,0,0,279
BRDA:25,0,1,23
BRDA:30,1,0,30
BRDA:30,1,1,249
BRDA:47,2,0,75
BRDA:47,2,1,30
BRDA:47,3,0,105
BRDA:47,3,1,101
BRF:8
BRH:8
end_of_record
TN:
SF:models\cartModel.js
FNF:0
FNH:0
DA:3,17
DA:36,17
LF:2
LH:2
BRF:0
BRH:0
end_of_record
TN:
SF:models\orderModel.js
FNF:0
FNH:0
DA:3,18
DA:53,18
LF:2
LH:2
BRF:0
BRH:0
end_of_record
TN:
SF:models\productModel.js
FNF:0
FNH:0
DA:3,14
DA:14,14
DA:33,14
LF:3
LH:3
BRF:0
BRH:0
end_of_record
TN:
SF:models\userModel.js
FNF:0
FNH:0
DA:8,16
DA:22,16
LF:2
LH:2
BRF:0
BRH:0
end_of_record
TN:
SF:routes\cartRoutes.js
FN:12,(anonymous_0)
FN:31,(anonymous_1)
FN:61,(anonymous_2)
FNF:3
FNH:3
FNDA:12,(anonymous_0)
FNDA:23,(anonymous_1)
FNDA:5,(anonymous_2)
DA:6,12
DA:9,12
DA:13,12
DA:14,12
DA:15,5
DA:18,7
DA:28,12
DA:32,23
DA:34,23
DA:36,23
DA:38,8
DA:39,8
DA:40,8
DA:41,8
DA:42,8
DA:45,15
DA:51,15
DA:52,15
DA:58,12
DA:62,5
DA:63,5
DA:64,3
DA:65,3
DA:67,2
LF:24
LH:24
BRDA:14,0,0,5
BRDA:14,0,1,7
BRDA:36,1,0,8
BRDA:36,1,1,15
BRDA:38,2,0,8
BRDA:38,2,1,5
BRDA:39,3,0,8
BRDA:39,3,1,5
BRDA:40,4,0,3
BRDA:40,4,1,5
BRDA:47,5,0,15
BRDA:47,5,1,0
BRDA:48,6,0,15
BRDA:48,6,1,9
BRDA:49,7,0,15
BRDA:49,7,1,8
BRDA:63,8,0,3
BRDA:63,8,1,2
BRF:18
BRH:17
end_of_record
TN:
SF:routes\orderRoutes.js
FN:15,(anonymous_0)
FN:24,(anonymous_1)
FN:26,(anonymous_2)
FN:45,(anonymous_3)
FN:88,(anonymous_4)
FN:97,(anonymous_5)
FN:110,(anonymous_6)
FN:138,(anonymous_7)
FNF:8
FNH:8
FNDA:13,(anonymous_0)
FNDA:57,(anonymous_1)
FNDA:63,(anonymous_2)
FNDA:6,(anonymous_3)
FNDA:16,(anonymous_4)
FNDA:21,(anonymous_5)
FNDA:26,(anonymous_6)
FNDA:52,(anonymous_7)
DA:9,12
DA:11,12
DA:16,13
DA:17,13
DA:21,12
DA:25,57
DA:26,63
DA:36,57
DA:37,56
DA:41,12
DA:46,6
DA:55,6
DA:63,6
DA:73,6
DA:81,6
DA:85,12
DA:89,16
DA:90,16
DA:94,12
DA:98,21
DA:99,20
DA:100,14
DA:102,6
DA:107,12
DA:111,26
DA:112,25
DA:113,20
DA:114,20
DA:115,20
DA:122,20
DA:125,20
DA:127,20
DA:129,5
DA:134,12
DA:139,52
DA:140,52
DA:141,49
DA:142,49
DA:143,49
DA:144,19
DA:145,19
DA:146,19
DA:147,10
DA:148,10
DA:149,10
DA:156,10
DA:158,30
DA:161,49
DA:162,46
DA:164,3
LF:50
LH:50
BRDA:99,0,0,14
BRDA:99,0,1,6
BRDA:112,1,0,20
BRDA:112,1,1,5
BRDA:140,2,0,49
BRDA:140,2,1,3
BRDA:143,3,0,19
BRDA:143,3,1,30
BRDA:146,4,0,10
BRDA:146,4,1,9
BRDA:146,5,0,19
BRDA:146,5,1,12
BRDA:153,6,0,10
BRDA:153,6,1,10
BRDA:158,7,0,4
BRDA:158,7,1,26
BRF:16
BRH:16
end_of_record
TN:
SF:routes\productRoutes.js
FN:8,(anonymous_0)
FN:20,(anonymous_1)
FN:40,(anonymous_2)
FN:118,(anonymous_3)
FN:124,(anonymous_4)
FN:133,(anonymous_5)
FN:146,(anonymous_6)
FN:168,(anonymous_7)
FN:192,(anonymous_8)
FN:206,(anonymous_9)
FN:211,(anonymous_10)
FN:225,(anonymous_11)
FNF:12
FNH:0
FNDA:0,(anonymous_0)
FNDA:0,(anonymous_1)
FNDA:0,(anonymous_2)
FNDA:0,(anonymous_3)
FNDA:0,(anonymous_4)
FNDA:0,(anonymous_5)
FNDA:0,(anonymous_6)
FNDA:0,(anonymous_7)
FNDA:0,(anonymous_8)
FNDA:0,(anonymous_9)
FNDA:0,(anonymous_10)
FNDA:0,(anonymous_11)
DA:6,12
DA:8,12
DA:9,0
DA:10,0
DA:13,12
DA:14,12
DA:16,12
DA:21,0
DA:22,0
DA:23,0
DA:25,0
DA:28,0
DA:29,0
DA:38,12
DA:41,0
DA:42,0
DA:43,0
DA:44,0
DA:45,0
DA:46,0
DA:47,0
DA:48,0
DA:51,0
DA:59,0
DA:61,0
DA:69,0
DA:79,0
DA:91,0
DA:101,0
DA:107,0
DA:116,12
DA:119,0
DA:120,0
DA:124,12
DA:125,0
DA:126,0
DA:127,0
DA:129,0
DA:133,12
DA:134,0
DA:135,0
DA:136,0
DA:138,0
DA:142,12
DA:147,0
DA:159,0
DA:160,0
DA:164,12
DA:169,0
DA:170,0
DA:171,0
DA:172,0
DA:173,0
DA:174,0
DA:175,0
DA:176,0
DA:177,0
DA:178,0
DA:179,0
DA:180,0
DA:181,0
DA:183,0
DA:188,12
DA:193,0
DA:194,0
DA:195,0
DA:196,0
DA:198,0
DA:203,12
DA:207,0
DA:208,0
DA:209,0
DA:211,0
DA:212,0
DA:217,0
DA:222,0
DA:223,0
DA:224,0
DA:225,0
DA:227,0
DA:228,0
DA:235,0
LF:82
LH:13
BRDA:22,0,0,0
BRDA:22,0,1,0
BRDA:23,1,0,0
BRDA:23,1,1,0
BRDA:42,2,0,0
BRDA:42,2,1,0
BRDA:43,3,0,0
BRDA:43,3,1,0
BRDA:44,4,0,0
BRDA:44,4,1,0
BRDA:45,5,0,0
BRDA:45,5,1,0
BRDA:46,6,0,0
BRDA:46,6,1,0
BRDA:47,7,0,0
BRDA:47,7,1,0
BRDA:48,8,0,0
BRDA:48,8,1,0
BRDA:51,9,0,0
BRDA:51,9,1,0
BRDA:51,10,0,0
BRDA:51,10,1,0
BRDA:59,11,0,0
BRDA:59,11,1,0
BRDA:59,12,0,0
BRDA:59,12,1,0
BRDA:61,13,0,0
BRDA:61,13,1,0
BRDA:61,14,0,0
BRDA:61,14,1,0
BRDA:69,15,0,0
BRDA:69,15,1,0
BRDA:69,16,0,0
BRDA:69,16,1,0
BRDA:79,17,0,0
BRDA:79,17,1,0
BRDA:81,18,0,0
BRDA:81,18,1,0
BRDA:83,19,0,0
BRDA:83,19,1,0
BRDA:85,20,0,0
BRDA:85,20,1,0
BRDA:87,21,0,0
BRDA:87,21,1,0
BRDA:126,22,0,0
BRDA:126,22,1,0
BRDA:135,23,0,0
BRDA:135,23,1,0
BRDA:171,24,0,0
BRDA:171,24,1,0
BRDA:194,25,0,0
BRDA:194,25,1,0
BRDA:209,26,0,0
BRDA:209,26,1,0
BRDA:211,27,0,0
BRDA:211,27,1,0
BRF:56
BRH:0
end_of_record
TN:
SF:routes\seedRoutes.js
FN:17,(anonymous_0)
FNF:1
FNH:0
FNDA:0,(anonymous_0)
DA:14,12
DA:17,12
DA:18,0
DA:19,0
DA:20,0
DA:21,0
DA:22,0
LF:7
LH:2
BRF:0
BRH:0
end_of_record
TN:
SF:routes\userRoutes.js
FN:95,(anonymous_0)
FN:115,(anonymous_1)
FN:135,(anonymous_2)
FN:163,(anonymous_3)
FN:174,(anonymous_4)
FN:189,(anonymous_5)
FN:214,(anonymous_6)
FNF:7
FNH:0
FNDA:0,(anonymous_0)
FNDA:0,(anonymous_1)
FNDA:0,(anonymous_2)
FNDA:0,(anonymous_3)
FNDA:0,(anonymous_4)
FNDA:0,(anonymous_5)
FNDA:0,(anonymous_6)
DA:91,12
DA:93,12
DA:96,0
DA:97,0
DA:98,0
DA:99,0
DA:106,0
DA:109,0
DA:113,12
DA:116,0
DA:121,0
DA:122,0
DA:132,12
DA:136,0
DA:137,0
DA:138,0
DA:139,0
DA:140,0
DA:141,0
DA:144,0
DA:145,0
DA:153,0
DA:159,12
DA:164,0
DA:165,0
DA:170,12
DA:175,0
DA:176,0
DA:177,0
DA:179,0
DA:185,12
DA:190,0
DA:191,0
DA:192,0
DA:193,0
DA:194,0
DA:196,0
DA:197,0
DA:204,0
DA:210,12
DA:215,0
DA:216,0
DA:217,0
DA:218,0
DA:219,0
DA:221,0
DA:222,0
DA:224,0
LF:48
LH:8
BRDA:97,0,0,0
BRDA:97,0,1,0
BRDA:98,1,0,0
BRDA:98,1,1,0
BRDA:137,2,0,0
BRDA:137,2,1,0
BRDA:138,3,0,0
BRDA:138,3,1,0
BRDA:139,4,0,0
BRDA:139,4,1,0
BRDA:140,5,0,0
BRDA:140,5,1,0
BRDA:176,6,0,0
BRDA:176,6,1,0
BRDA:191,7,0,0
BRDA:191,7,1,0
BRDA:192,8,0,0
BRDA:192,8,1,0
BRDA:193,9,0,0
BRDA:193,9,1,0
BRDA:216,10,0,0
BRDA:216,10,1,0
BRDA:217,11,0,0
BRDA:217,11,1,0
BRF:24
BRH:0
end_of_record
