TN:
SF:utils.js
FN:6,(anonymous_0)
FN:22,(anonymous_1)
FN:29,(anonymous_2)
FN:45,(anonymous_3)
FNF:4
FNH:4
FNDA:15,(anonymous_0)
FNDA:214,(anonymous_1)
FNDA:197,(anonymous_2)
FNDA:72,(anonymous_3)
DA:6,12
DA:7,15
DA:22,12
DA:24,214
DA:25,214
DA:27,197
DA:29,197
DA:30,197
DA:31,16
DA:34,181
DA:35,181
DA:39,17
DA:45,12
DA:47,72
DA:49,52
DA:51,20
LF:16
LH:16
BRDA:25,0,0,197
BRDA:25,0,1,17
BRDA:30,1,0,16
BRDA:30,1,1,181
BRDA:47,2,0,52
BRDA:47,2,1,20
BRDA:47,3,0,72
BRDA:47,3,1,71
BRF:8
BRH:8
end_of_record
TN:
SF:models\cartModel.js
FNF:0
FNH:0
DA:3,15
DA:36,15
LF:2
LH:2
BRF:0
BRH:0
end_of_record
TN:
SF:models\orderModel.js
FNF:0
FNH:0
DA:3,16
DA:53,16
LF:2
LH:2
BRF:0
BRH:0
end_of_record
TN:
SF:models\productModel.js
FNF:0
FNH:0
DA:3,12
DA:14,12
DA:33,12
LF:3
LH:3
BRF:0
BRH:0
end_of_record
TN:
SF:models\userModel.js
FNF:0
FNH:0
DA:8,14
DA:22,14
LF:2
LH:2
BRF:0
BRH:0
end_of_record
TN:
SF:routes\cartRoutes.js
FN:12,(anonymous_0)
FN:31,(anonymous_1)
FN:61,(anonymous_2)
FNF:3
FNH:3
FNDA:12,(anonymous_0)
FNDA:23,(anonymous_1)
FNDA:5,(anonymous_2)
DA:6,10
DA:9,10
DA:13,12
DA:14,12
DA:15,5
DA:18,7
DA:28,10
DA:32,23
DA:34,23
DA:36,23
DA:38,8
DA:39,8
DA:40,8
DA:41,8
DA:42,8
DA:45,15
DA:51,15
DA:52,15
DA:58,10
DA:62,5
DA:63,5
DA:64,3
DA:65,3
DA:67,2
LF:24
LH:24
BRDA:14,0,0,5
BRDA:14,0,1,7
BRDA:36,1,0,8
BRDA:36,1,1,15
BRDA:38,2,0,8
BRDA:38,2,1,5
BRDA:39,3,0,8
BRDA:39,3,1,5
BRDA:40,4,0,3
BRDA:40,4,1,5
BRDA:47,5,0,15
BRDA:47,5,1,0
BRDA:48,6,0,15
BRDA:48,6,1,9
BRDA:49,7,0,15
BRDA:49,7,1,8
BRDA:63,8,0,3
BRDA:63,8,1,2
BRF:18
BRH:17
end_of_record
TN:
SF:routes\orderRoutes.js
FN:15,(anonymous_0)
FN:24,(anonymous_1)
FN:26,(anonymous_2)
FN:45,(anonymous_3)
FN:88,(anonymous_4)
FN:97,(anonymous_5)
FN:110,(anonymous_6)
FN:138,(anonymous_7)
FNF:8
FNH:8
FNDA:11,(anonymous_0)
FNDA:36,(anonymous_1)
FNDA:40,(anonymous_2)
FNDA:5,(anonymous_3)
FNDA:14,(anonymous_4)
FNDA:14,(anonymous_5)
FNDA:15,(anonymous_6)
FNDA:34,(anonymous_7)
DA:9,10
DA:11,10
DA:16,11
DA:17,11
DA:21,10
DA:25,36
DA:26,40
DA:36,36
DA:37,36
DA:41,10
DA:46,5
DA:55,5
DA:63,5
DA:73,5
DA:81,5
DA:85,10
DA:89,14
DA:90,14
DA:94,10
DA:98,14
DA:99,13
DA:100,9
DA:102,4
DA:107,10
DA:111,15
DA:112,15
DA:113,12
DA:114,12
DA:115,12
DA:122,12
DA:125,12
DA:127,12
DA:129,3
DA:134,10
DA:139,34
DA:140,34
DA:141,32
DA:142,32
DA:143,32
DA:144,9
DA:145,9
DA:146,9
DA:147,6
DA:148,6
DA:149,6
DA:156,6
DA:158,23
DA:161,32
DA:162,32
DA:164,2
LF:50
LH:50
BRDA:99,0,0,9
BRDA:99,0,1,4
BRDA:112,1,0,12
BRDA:112,1,1,3
BRDA:140,2,0,32
BRDA:140,2,1,2
BRDA:143,3,0,9
BRDA:143,3,1,23
BRDA:146,4,0,6
BRDA:146,4,1,3
BRDA:146,5,0,9
BRDA:146,5,1,6
BRDA:153,6,0,6
BRDA:153,6,1,6
BRDA:158,7,0,3
BRDA:158,7,1,20
BRF:16
BRH:16
end_of_record
TN:
SF:routes\productRoutes.js
FN:8,(anonymous_0)
FN:20,(anonymous_1)
FN:40,(anonymous_2)
FN:118,(anonymous_3)
FN:124,(anonymous_4)
FN:133,(anonymous_5)
FN:146,(anonymous_6)
FN:168,(anonymous_7)
FN:192,(anonymous_8)
FN:206,(anonymous_9)
FN:211,(anonymous_10)
FN:225,(anonymous_11)
FNF:12
FNH:0
FNDA:0,(anonymous_0)
FNDA:0,(anonymous_1)
FNDA:0,(anonymous_2)
FNDA:0,(anonymous_3)
FNDA:0,(anonymous_4)
FNDA:0,(anonymous_5)
FNDA:0,(anonymous_6)
FNDA:0,(anonymous_7)
FNDA:0,(anonymous_8)
FNDA:0,(anonymous_9)
FNDA:0,(anonymous_10)
FNDA:0,(anonymous_11)
DA:6,10
DA:8,10
DA:9,0
DA:10,0
DA:13,10
DA:14,10
DA:16,10
DA:21,0
DA:22,0
DA:23,0
DA:25,0
DA:28,0
DA:29,0
DA:38,10
DA:41,0
DA:42,0
DA:43,0
DA:44,0
DA:45,0
DA:46,0
DA:47,0
DA:48,0
DA:51,0
DA:59,0
DA:61,0
DA:69,0
DA:79,0
DA:91,0
DA:101,0
DA:107,0
DA:116,10
DA:119,0
DA:120,0
DA:124,10
DA:125,0
DA:126,0
DA:127,0
DA:129,0
DA:133,10
DA:134,0
DA:135,0
DA:136,0
DA:138,0
DA:142,10
DA:147,0
DA:159,0
DA:160,0
DA:164,10
DA:169,0
DA:170,0
DA:171,0
DA:172,0
DA:173,0
DA:174,0
DA:175,0
DA:176,0
DA:177,0
DA:178,0
DA:179,0
DA:180,0
DA:181,0
DA:183,0
DA:188,10
DA:193,0
DA:194,0
DA:195,0
DA:196,0
DA:198,0
DA:203,10
DA:207,0
DA:208,0
DA:209,0
DA:211,0
DA:212,0
DA:217,0
DA:222,0
DA:223,0
DA:224,0
DA:225,0
DA:227,0
DA:228,0
DA:235,0
LF:82
LH:13
BRDA:22,0,0,0
BRDA:22,0,1,0
BRDA:23,1,0,0
BRDA:23,1,1,0
BRDA:42,2,0,0
BRDA:42,2,1,0
BRDA:43,3,0,0
BRDA:43,3,1,0
BRDA:44,4,0,0
BRDA:44,4,1,0
BRDA:45,5,0,0
BRDA:45,5,1,0
BRDA:46,6,0,0
BRDA:46,6,1,0
BRDA:47,7,0,0
BRDA:47,7,1,0
BRDA:48,8,0,0
BRDA:48,8,1,0
BRDA:51,9,0,0
BRDA:51,9,1,0
BRDA:51,10,0,0
BRDA:51,10,1,0
BRDA:59,11,0,0
BRDA:59,11,1,0
BRDA:59,12,0,0
BRDA:59,12,1,0
BRDA:61,13,0,0
BRDA:61,13,1,0
BRDA:61,14,0,0
BRDA:61,14,1,0
BRDA:69,15,0,0
BRDA:69,15,1,0
BRDA:69,16,0,0
BRDA:69,16,1,0
BRDA:79,17,0,0
BRDA:79,17,1,0
BRDA:81,18,0,0
BRDA:81,18,1,0
BRDA:83,19,0,0
BRDA:83,19,1,0
BRDA:85,20,0,0
BRDA:85,20,1,0
BRDA:87,21,0,0
BRDA:87,21,1,0
BRDA:126,22,0,0
BRDA:126,22,1,0
BRDA:135,23,0,0
BRDA:135,23,1,0
BRDA:171,24,0,0
BRDA:171,24,1,0
BRDA:194,25,0,0
BRDA:194,25,1,0
BRDA:209,26,0,0
BRDA:209,26,1,0
BRDA:211,27,0,0
BRDA:211,27,1,0
BRF:56
BRH:0
end_of_record
TN:
SF:routes\seedRoutes.js
FN:17,(anonymous_0)
FNF:1
FNH:0
FNDA:0,(anonymous_0)
DA:14,10
DA:17,10
DA:18,0
DA:19,0
DA:20,0
DA:21,0
DA:22,0
LF:7
LH:2
BRF:0
BRH:0
end_of_record
TN:
SF:routes\userRoutes.js
FN:95,(anonymous_0)
FN:115,(anonymous_1)
FN:135,(anonymous_2)
FN:163,(anonymous_3)
FN:174,(anonymous_4)
FN:189,(anonymous_5)
FN:214,(anonymous_6)
FNF:7
FNH:0
FNDA:0,(anonymous_0)
FNDA:0,(anonymous_1)
FNDA:0,(anonymous_2)
FNDA:0,(anonymous_3)
FNDA:0,(anonymous_4)
FNDA:0,(anonymous_5)
FNDA:0,(anonymous_6)
DA:91,10
DA:93,10
DA:96,0
DA:97,0
DA:98,0
DA:99,0
DA:106,0
DA:109,0
DA:113,10
DA:116,0
DA:121,0
DA:122,0
DA:132,10
DA:136,0
DA:137,0
DA:138,0
DA:139,0
DA:140,0
DA:141,0
DA:144,0
DA:145,0
DA:153,0
DA:159,10
DA:164,0
DA:165,0
DA:170,10
DA:175,0
DA:176,0
DA:177,0
DA:179,0
DA:185,10
DA:190,0
DA:191,0
DA:192,0
DA:193,0
DA:194,0
DA:196,0
DA:197,0
DA:204,0
DA:210,10
DA:215,0
DA:216,0
DA:217,0
DA:218,0
DA:219,0
DA:221,0
DA:222,0
DA:224,0
LF:48
LH:8
BRDA:97,0,0,0
BRDA:97,0,1,0
BRDA:98,1,0,0
BRDA:98,1,1,0
BRDA:137,2,0,0
BRDA:137,2,1,0
BRDA:138,3,0,0
BRDA:138,3,1,0
BRDA:139,4,0,0
BRDA:139,4,1,0
BRDA:140,5,0,0
BRDA:140,5,1,0
BRDA:176,6,0,0
BRDA:176,6,1,0
BRDA:191,7,0,0
BRDA:191,7,1,0
BRDA:192,8,0,0
BRDA:192,8,1,0
BRDA:193,9,0,0
BRDA:193,9,1,0
BRDA:216,10,0,0
BRDA:216,10,1,0
BRDA:217,11,0,0
BRDA:217,11,1,0
BRF:24
BRH:0
end_of_record
